[    0.000000] Initializing cgroup subsys cpuset
[    0.000000] Initializing cgroup subsys cpu
[    0.000000] Initializing cgroup subsys cpuacct
[    0.000000] Linux version 4.4.0-184-generic (buildd@lgw01-amd64-060) (gcc version 5.4.0 20160609 (Ubuntu 5.4.0-6ubuntu1~16.04.12) ) #214-Ubuntu SMP Thu Jun 4 10:14:11 UTC 2020 (Ubuntu 4.4.0-184.214-generic 4.4.223)
[    0.000000] Command line: BOOT_IMAGE=/boot/vmlinuz-4.4.0-184-generic root=LABEL=cloudimg-rootfs ro console=tty1 console=ttyS0
[    0.000000] KERNEL supported cpus:
[    0.000000]   Intel GenuineIntel
[    0.000000]   AMD AuthenticAMD
[    0.000000]   Centaur CentaurHauls
[    0.000000] x86/fpu: xstate_offset[2]:  576, xstate_sizes[2]:  256
[    0.000000] x86/fpu: Supporting XSAVE feature 0x01: 'x87 floating point registers'
[    0.000000] x86/fpu: Supporting XSAVE feature 0x02: 'SSE registers'
[    0.000000] x86/fpu: Supporting XSAVE feature 0x04: 'AVX registers'
[    0.000000] x86/fpu: Enabled xstate features 0x7, context size is 832 bytes, using 'standard' format.
[    0.000000] e820: BIOS-provided physical RAM map:
[    0.000000] BIOS-e820: [mem 0x0000000000000000-0x000000000009fbff] usable
[    0.000000] BIOS-e820: [mem 0x000000000009fc00-0x000000000009ffff] reserved
[    0.000000] BIOS-e820: [mem 0x00000000000f0000-0x00000000000fffff] reserved
[    0.000000] BIOS-e820: [mem 0x0000000000100000-0x000000003ffeffff] usable
[    0.000000] BIOS-e820: [mem 0x000000003fff0000-0x000000003fffffff] ACPI data
[    0.000000] BIOS-e820: [mem 0x00000000fec00000-0x00000000fec00fff] reserved
[    0.000000] BIOS-e820: [mem 0x00000000fee00000-0x00000000fee00fff] reserved
[    0.000000] BIOS-e820: [mem 0x00000000fffc0000-0x00000000ffffffff] reserved
[    0.000000] NX (Execute Disable) protection: active
[    0.000000] SMBIOS 2.5 present.
[    0.000000] Hypervisor detected: KVM
[    0.000000] e820: last_pfn = 0x3fff0 max_arch_pfn = 0x400000000
[    0.000000] MTRR: Disabled
[    0.000000] x86/PAT: MTRRs disabled, skipping PAT initialization too.
[    0.000000] CPU MTRRs all blank - virtualized system.
[    0.000000] x86/PAT: Configuration [0-7]: WB  WT  UC- UC  WB  WT  UC- UC  
[    0.000000] found SMP MP-table at [mem 0x0009fff0-0x0009ffff] mapped at [ffff88000009fff0]
[    0.000000] Scanning 1 areas for low memory corruption
[    0.000000] RAMDISK: [mem 0x361c0000-0x370d7fff]
[    0.000000] ACPI: Early table checksum verification disabled
[    0.000000] ACPI: RSDP 0x00000000000E0000 000024 (v02 VBOX  )
[    0.000000] ACPI: XSDT 0x000000003FFF0030 00003C (v01 VBOX   VBOXXSDT 00000001 ASL  00000061)
[    0.000000] ACPI: FACP 0x000000003FFF00F0 0000F4 (v04 VBOX   VBOXFACP 00000001 ASL  00000061)
[    0.000000] ACPI: DSDT 0x000000003FFF0470 002325 (v02 VBOX   VBOXBIOS 00000002 INTL 20100528)
[    0.000000] ACPI: FACS 0x000000003FFF0200 000040
[    0.000000] ACPI: FACS 0x000000003FFF0200 000040
[    0.000000] ACPI: APIC 0x000000003FFF0240 00005C (v02 VBOX   VBOXAPIC 00000001 ASL  00000061)
[    0.000000] ACPI: SSDT 0x000000003FFF02A0 0001CC (v01 VBOX   VBOXCPUT 00000002 INTL 20100528)
[    0.000000] No NUMA configuration found
[    0.000000] Faking a node at [mem 0x0000000000000000-0x000000003ffeffff]
[    0.000000] NODE_DATA(0) allocated [mem 0x3ffeb000-0x3ffeffff]
[    0.000000] kvm-clock: Using msrs 4b564d01 and 4b564d00
[    0.000000] kvm-clock: cpu 0, msr 0:3ffe3001, primary cpu clock
[    0.000000] kvm-clock: using sched offset of 4553579975 cycles
[    0.000000] clocksource: kvm-clock: mask: 0xffffffffffffffff max_cycles: 0x1cd42e4dffb, max_idle_ns: 881590591483 ns
[    0.000000] Zone ranges:
[    0.000000]   DMA      [mem 0x0000000000001000-0x0000000000ffffff]
[    0.000000]   DMA32    [mem 0x0000000001000000-0x000000003ffeffff]
[    0.000000]   Normal   empty
[    0.000000]   Device   empty
[    0.000000] Movable zone start for each node
[    0.000000] Early memory node ranges
[    0.000000]   node   0: [mem 0x0000000000001000-0x000000000009efff]
[    0.000000]   node   0: [mem 0x0000000000100000-0x000000003ffeffff]
[    0.000000] Initmem setup node 0 [mem 0x0000000000001000-0x000000003ffeffff]
[    0.000000] ACPI: PM-Timer IO Port: 0x4008
[    0.000000] IOAPIC[0]: apic_id 2, version 32, address 0xfec00000, GSI 0-23
[    0.000000] ACPI: INT_SRC_OVR (bus 0 bus_irq 0 global_irq 2 dfl dfl)
[    0.000000] ACPI: INT_SRC_OVR (bus 0 bus_irq 9 global_irq 9 low level)
[    0.000000] Using ACPI (MADT) for SMP configuration information
[    0.000000] smpboot: Allowing 2 CPUs, 0 hotplug CPUs
[    0.000000] PM: Registered nosave memory: [mem 0x00000000-0x00000fff]
[    0.000000] PM: Registered nosave memory: [mem 0x0009f000-0x0009ffff]
[    0.000000] PM: Registered nosave memory: [mem 0x000a0000-0x000effff]
[    0.000000] PM: Registered nosave memory: [mem 0x000f0000-0x000fffff]
[    0.000000] e820: [mem 0x40000000-0xfebfffff] available for PCI devices
[    0.000000] Booting paravirtualized kernel on KVM
[    0.000000] clocksource: refined-jiffies: mask: 0xffffffff max_cycles: 0xffffffff, max_idle_ns: 7645519600211568 ns
[    0.000000] setup_percpu: NR_CPUS:512 nr_cpumask_bits:512 nr_cpu_ids:2 nr_node_ids:1
[    0.000000] PERCPU: Embedded 33 pages/cpu @ffff88003fc00000 s95448 r8192 d31528 u1048576
[    0.000000] Built 1 zonelists in Node order, mobility grouping on.  Total pages: 257912
[    0.000000] Policy zone: DMA32
[    0.000000] Kernel command line: BOOT_IMAGE=/boot/vmlinuz-4.4.0-184-generic root=LABEL=cloudimg-rootfs ro console=tty1 console=ttyS0
[    0.000000] PID hash table entries: 4096 (order: 3, 32768 bytes)
[    0.000000] Memory: 997092K/1048120K available (8632K kernel code, 1336K rwdata, 4036K rodata, 1492K init, 1292K bss, 51028K reserved, 0K cma-reserved)
[    0.000000] SLUB: HWalign=64, Order=0-3, MinObjects=0, CPUs=2, Nodes=1
[    0.000000] Kernel/User page tables isolation: enabled
[    0.000000] Hierarchical RCU implementation.
[    0.000000] 	Build-time adjustment of leaf fanout to 64.
[    0.000000] 	RCU restricting CPUs from NR_CPUS=512 to nr_cpu_ids=2.
[    0.000000] RCU: Adjusting geometry for rcu_fanout_leaf=64, nr_cpu_ids=2
[    0.000000] NR_IRQS:33024 nr_irqs:440 16
[    0.000000] Console: colour VGA+ 80x25
[    0.000000] console [tty1] enabled
[    0.000000] console [ttyS0] enabled
[    0.000000] tsc: Detected 2808.006 MHz processor
[    0.455992] Calibrating delay loop (skipped) preset value.. 5616.01 BogoMIPS (lpj=11232024)
[    0.461838] pid_max: default: 32768 minimum: 301
[    0.465269] ACPI: Core revision 20150930
[    0.472016] ACPI: 2 ACPI AML tables successfully acquired and loaded
[    0.476686] Security Framework initialized
[    0.480113] Yama: becoming mindful.
[    0.483514] AppArmor: AppArmor initialized
[    0.486763] Dentry cache hash table entries: 131072 (order: 8, 1048576 bytes)
[    0.494198] Inode-cache hash table entries: 65536 (order: 7, 524288 bytes)
[    0.498224] Mount-cache hash table entries: 2048 (order: 2, 16384 bytes)
[    0.502457] Mountpoint-cache hash table entries: 2048 (order: 2, 16384 bytes)
[    0.508065] Initializing cgroup subsys io
[    0.510546] Initializing cgroup subsys memory
[    0.514339] Initializing cgroup subsys devices
[    0.518202] Initializing cgroup subsys freezer
[    0.521614] Initializing cgroup subsys net_cls
[    0.524318] Initializing cgroup subsys perf_event
[    0.526895] Initializing cgroup subsys net_prio
[    0.530008] Initializing cgroup subsys hugetlb
[    0.532947] Initializing cgroup subsys pids
[    0.537753] mce: CPU supports 0 MCE banks
[    0.540603] Last level iTLB entries: 4KB 64, 2MB 8, 4MB 8
[    0.543552] Last level dTLB entries: 4KB 64, 2MB 0, 4MB 0, 1GB 4
[    0.547164] Spectre V1 : Mitigation: usercopy/swapgs barriers and __user pointer sanitization
[    0.551892] Spectre V2 : Mitigation: Full generic retpoline
[    0.555812] Spectre V2 : Spectre v2 / SpectreRSB mitigation: Filling RSB on context switch
[    0.561103] Speculative Store Bypass: Vulnerable
[    0.564388] SRBDS: Unknown: Dependent on hypervisor status
[    0.567922] MDS: Vulnerable: Clear CPU buffers attempted, no microcode
[    0.581260] Freeing SMP alternatives memory: 36K
[    0.600730] ftrace: allocating 32319 entries in 127 pages
[    0.764767] smpboot: APIC(0) Converting physical 0 to logical package 0
[    0.768615] smpboot: Max logical packages: 1
[    0.772739] x2apic enabled
[    0.775410] Switched APIC routing to physical x2apic.
[    0.782058] ..TIMER: vector=0x30 apic1=0 pin1=2 apic2=-1 pin2=-1
[    0.893580] smpboot: CPU0: Intel(R) Core(TM) i7-7700HQ CPU @ 2.80GHz (family: 0x6, model: 0x9e, stepping: 0x9)
[    0.900681] Performance Events: unsupported p6 CPU model 158 no PMU driver, software events only.
[    0.930108] KVM setup paravirtual spinlock
[    0.933909] x86: Booting SMP configuration:
[    0.936495] .... node  #0, CPUs:      #1
[    0.939044] kvm-clock: cpu 1, msr 0:3ffe3041, secondary cpu clock
[    0.943016] mce: CPU supports 0 MCE banks
[    0.946374] x86: Booted up 1 node, 2 CPUs
[    0.949482] smpboot: Total of 2 processors activated (11232.02 BogoMIPS)
[    0.954152] devtmpfs: initialized
[    0.960390] evm: security.selinux
[    0.966205] evm: security.SMACK64
[    0.968522] evm: security.SMACK64EXEC
[    0.970837] evm: security.SMACK64TRANSMUTE
[    0.973217] evm: security.SMACK64MMAP
[    0.975664] evm: security.ima
[    0.977735] evm: security.capability
[    0.980632] clocksource: jiffies: mask: 0xffffffff max_cycles: 0xffffffff, max_idle_ns: 7645041785100000 ns
[    0.987346] futex hash table entries: 512 (order: 3, 32768 bytes)
[    0.992113] pinctrl core: initialized pinctrl subsystem
[    0.995430] RTC time: 14:41:55, date: 06/30/20
[    0.998731] NET: Registered protocol family 16
[    1.015401] cpuidle: using governor ladder
[    1.030025] cpuidle: using governor menu
[    1.032458] PCCT header not found.
[    1.034841] ACPI: bus type PCI registered
[    1.037588] acpiphp: ACPI Hot Plug PCI Controller Driver version: 0.5
[    1.041385] PCI: Using configuration type 1 for base access
[    1.060115] ACPI: Added _OSI(Module Device)
[    1.063044] ACPI: Added _OSI(Processor Device)
[    1.065738] ACPI: Added _OSI(3.0 _SCP Extensions)
[    1.068553] ACPI: Added _OSI(Processor Aggregator Device)
[    1.073643] ACPI: Executed 1 blocks of module-level executable AML code
[    1.083393] ACPI: Interpreter enabled
[    1.085715] ACPI: (supports S0 S5)
[    1.088344] ACPI: Using IOAPIC for interrupt routing
[    1.092043] PCI: Using host bridge windows from ACPI; if necessary, use "pci=nocrs" and report a bug
[    1.107269] ACPI: PCI Root Bridge [PCI0] (domain 0000 [bus 00-ff])
[    1.110548] acpi PNP0A03:00: _OSC: OS supports [ASPM ClockPM Segments MSI]
[    1.115676] acpi PNP0A03:00: _OSC: not requesting OS control; OS requires [ExtendedConfig ASPM ClockPM MSI]
[    1.121505] acpi PNP0A03:00: fail to add MMCONFIG information, can't access extended PCI configuration space under this bridge.
[    1.128969] PCI host bridge to bus 0000:00
[    1.131568] pci_bus 0000:00: root bus resource [io  0x0000-0x0cf7 window]
[    1.135313] pci_bus 0000:00: root bus resource [io  0x0d00-0xffff window]
[    1.139884] pci_bus 0000:00: root bus resource [mem 0x000a0000-0x000bffff window]
[    1.145255] pci_bus 0000:00: root bus resource [mem 0x40000000-0xfdffffff window]
[    1.150915] pci_bus 0000:00: root bus resource [bus 00-ff]
[    1.159406] pci 0000:00:01.1: legacy IDE quirk: reg 0x10: [io  0x01f0-0x01f7]
[    1.163660] pci 0000:00:01.1: legacy IDE quirk: reg 0x14: [io  0x03f6]
[    1.167869] pci 0000:00:01.1: legacy IDE quirk: reg 0x18: [io  0x0170-0x0177]
[    1.204183] pci 0000:00:01.1: legacy IDE quirk: reg 0x1c: [io  0x0376]
[    1.236004] pci 0000:00:07.0: quirk: [io  0x4000-0x403f] claimed by PIIX4 ACPI
[    1.241018] pci 0000:00:07.0: quirk: [io  0x4100-0x410f] claimed by PIIX4 SMB
[    1.263818] ACPI: PCI Interrupt Link [LNKA] (IRQs 5 9 10 *11)
[    1.268572] ACPI: PCI Interrupt Link [LNKB] (IRQs 5 9 *10 11)
[    1.273552] ACPI: PCI Interrupt Link [LNKC] (IRQs 5 *9 10 11)
[    1.278039] ACPI: PCI Interrupt Link [LNKD] (IRQs 5 9 10 *11)
[    1.282816] ACPI: Enabled 2 GPEs in block 00 to 07
[    1.286487] vgaarb: setting as boot device: PCI:0000:00:02.0
[    1.290096] vgaarb: device added: PCI:0000:00:02.0,decodes=io+mem,owns=io+mem,locks=none
[    1.295099] vgaarb: loaded
[    1.297327] vgaarb: bridge control possible 0000:00:02.0
[    1.300866] SCSI subsystem initialized
[    1.303696] ACPI: bus type USB registered
[    1.306988] usbcore: registered new interface driver usbfs
[    1.310172] usbcore: registered new interface driver hub
[    1.313645] usbcore: registered new device driver usb
[    1.317003] PCI: Using ACPI for IRQ routing
[    1.322603] NetLabel: Initializing
[    1.325018] NetLabel:  domain hash size = 128
[    1.327459] NetLabel:  protocols = UNLABELED CIPSOv4
[    1.330546] NetLabel:  unlabeled traffic allowed by default
[    1.334021] amd_nb: Cannot enumerate AMD northbridges
[    1.342465] clocksource: Switched to clocksource kvm-clock
[    1.361988] AppArmor: AppArmor Filesystem Enabled
[    1.365251] pnp: PnP ACPI init
[    1.369269] pnp: PnP ACPI: found 3 devices
[    1.392500] clocksource: acpi_pm: mask: 0xffffff max_cycles: 0xffffff, max_idle_ns: 2085701024 ns
[    1.398262] NET: Registered protocol family 2
[    1.401292] TCP established hash table entries: 8192 (order: 4, 65536 bytes)
[    1.405231] TCP bind hash table entries: 8192 (order: 5, 131072 bytes)
[    1.408833] TCP: Hash tables configured (established 8192 bind 8192)
[    1.412452] UDP hash table entries: 512 (order: 2, 16384 bytes)
[    1.415965] UDP-Lite hash table entries: 512 (order: 2, 16384 bytes)
[    1.419391] NET: Registered protocol family 1
[    1.422754] pci 0000:00:00.0: Limiting direct PCI/PCI transfers
[    1.425802] pci 0000:00:01.0: Activating ISA DMA hang workarounds
[    1.429811] Unpacking initramfs...
[    1.962857] Freeing initrd memory: 15456K
[    1.965775] clocksource: tsc: mask: 0xffffffffffffffff max_cycles: 0x2879cbf0535, max_idle_ns: 440795305184 ns
[    1.972364] platform rtc_cmos: registered platform RTC device (no PNP device found)
[    1.977208] Scanning for low memory corruption every 60 seconds
[    1.981860] audit: initializing netlink subsys (disabled)
[    1.985015] audit: type=2000 audit(1593528122.317:1): initialized
[    1.989466] Initialise system trusted keyring
[    1.992685] HugeTLB registered 2 MB page size, pre-allocated 0 pages
[    1.999478] zbud: loaded
[    2.002149] VFS: Disk quotas dquot_6.6.0
[    2.004806] VFS: Dquot-cache hash table entries: 512 (order 0, 4096 bytes)
[    2.009112] squashfs: version 4.0 (2009/01/31) Phillip Lougher
[    2.013742] fuse init (API version 7.23)
[    2.016817] Key type big_key registered
[    2.019063] Allocating IMA MOK and blacklist keyrings.
[    2.027027] Key type asymmetric registered
[    2.029497] Asymmetric key parser 'x509' registered
[    2.033442] Block layer SCSI generic (bsg) driver version 0.4 loaded (major 249)
[    2.039193] io scheduler noop registered
[    2.041694] io scheduler deadline registered (default)
[    2.044778] io scheduler cfq registered
[    2.047972] pci_hotplug: PCI Hot Plug PCI Core version: 0.5
[    2.051057] pciehp: PCI Express Hot Plug Controller Driver version: 0.4
[    2.055384] ACPI: AC Adapter [AC] (on-line)
[    2.058102] input: Power Button as /devices/LNXSYSTM:00/LNXPWRBN:00/input/input0
[    2.062688] ACPI: Power Button [PWRF]
[    2.065143] input: Sleep Button as /devices/LNXSYSTM:00/LNXSLPBN:00/input/input1
[    2.069851] ACPI: Sleep Button [SLPF]
[    2.073004] GHES: HEST is not enabled!
[    2.074439] ACPI: Battery Slot [BAT0] (battery present)
[    2.079114] Serial: 8250/16550 driver, 32 ports, IRQ sharing enabled
[    2.105021] 00:02: ttyS0 at I/O 0x3f8 (irq = 4, base_baud = 115200) is a 16550A
[    2.112359] Linux agpgart interface v0.103
[    2.123265] loop: module loaded
[    2.126870] scsi host0: ata_piix
[    2.129684] scsi host1: ata_piix
[    2.132044] ata1: PATA max UDMA/33 cmd 0x1f0 ctl 0x3f6 bmdma 0xd000 irq 14
[    2.136695] ata2: PATA max UDMA/33 cmd 0x170 ctl 0x376 bmdma 0xd008 irq 15
[    2.141408] libphy: Fixed MDIO Bus: probed
[    2.143820] tun: Universal TUN/TAP device driver, 1.6
[    2.147237] tun: (C) 1999-2004 Max Krasnyansky <maxk@qualcomm.com>
[    2.151035] PPP generic driver version 2.4.2
[    2.154721] ehci_hcd: USB 2.0 'Enhanced' Host Controller (EHCI) Driver
[    2.158172] ehci-pci: EHCI PCI platform driver
[    2.161044] ehci-platform: EHCI generic platform driver
[    2.164255] ohci_hcd: USB 1.1 'Open' Host Controller (OHCI) Driver
[    2.167532] ohci-pci: OHCI PCI platform driver
[    2.170231] ohci-platform: OHCI generic platform driver
[    2.173633] uhci_hcd: USB Universal Host Controller Interface driver
[    2.177257] i8042: PNP: PS/2 Controller [PNP0303:PS2K,PNP0f03:PS2M] at 0x60,0x64 irq 1,12
[    2.184063] serio: i8042 KBD port at 0x60,0x64 irq 1
[    2.187034] serio: i8042 AUX port at 0x60,0x64 irq 12
[    2.190268] mousedev: PS/2 mouse device common for all mice
[    2.194881] rtc_cmos rtc_cmos: rtc core: registered rtc_cmos as rtc0
[    2.199622] input: AT Translated Set 2 keyboard as /devices/platform/i8042/serio0/input/input2
[    2.205035] rtc_cmos rtc_cmos: alarms up to one day, 114 bytes nvram
[    2.208722] i2c /dev entries driver
[    2.211149] device-mapper: uevent: version 1.0.3
[    2.214960] device-mapper: ioctl: 4.34.0-ioctl (2015-10-28) initialised: dm-devel@redhat.com
[    2.219831] ledtrig-cpu: registered to indicate activity on CPUs
[    2.224339] NET: Registered protocol family 10
[    2.227429] NET: Registered protocol family 17
[    2.230325] Key type dns_resolver registered
[    2.233788] registered taskstats version 1
[    2.236407] Loading compiled-in X.509 certificates
[    2.240480] Loaded X.509 cert 'Build time autogenerated kernel key: b6ae09eed57f82583ccd3c65c463e852cdd7a0b5'
[    2.246793] zswap: loaded using pool lzo/zbud
[    2.253340] Key type trusted registered
[    2.264497] Key type encrypted registered
[    2.267506] AppArmor: AppArmor sha1 policy hashing enabled
[    2.271888] ima: No TPM chip found, activating TPM-bypass!
[    2.287518] ima: Allocated hash algorithm: sha1
[    2.290448] evm: HMAC attrs: 0x1
[    2.293607]   Magic number: 8:871:688
[    2.310908] rtc_cmos rtc_cmos: setting system clock to 2020-06-30 14:41:56 UTC (1593528116)
[    2.331632] BIOS EDD facility v0.16 2004-Jun-25, 0 devices found
[    2.335057] EDD information not available.
[    2.340618] Freeing unused kernel memory: 1492K
[    2.463230] Write protecting the kernel read-only data: 14336k
[    2.467748] Freeing unused kernel memory: 1596K
[    2.471079] Freeing unused kernel memory: 60K
Loading, please wait...
starting version 229
[    2.503886] random: systemd-udevd: uninitialized urandom read (16 bytes read, 5 bits of entropy available)
[    2.505373] random: udevadm: uninitialized urandom read (16 bytes read, 5 bits of entropy available)
[    2.505409] random: udevadm: uninitialized urandom read (16 bytes read, 5 bits of entropy available)
[    2.523587] random: systemd-udevd: uninitialized urandom read (16 bytes read, 5 bits of entropy available)
[    2.528955] random: udevadm: uninitialized urandom read (16 bytes read, 5 bits of entropy available)
[    2.529071] random: udevadm: uninitialized urandom read (16 bytes read, 5 bits of entropy available)
[    2.529653] random: udevadm: uninitialized urandom read (16 bytes read, 5 bits of entropy available)
[    2.529789] random: udevadm: uninitialized urandom read (16 bytes read, 5 bits of entropy available)
[    2.529899] random: udevadm: uninitialized urandom read (16 bytes read, 5 bits of entropy available)
[    2.530014] random: udevadm: uninitialized urandom read (16 bytes read, 5 bits of entropy available)
[    2.699411] Fusion MPT base driver 3.04.20
[    2.699413] e1000: Intel(R) PRO/1000 Network Driver - version 7.3.21-k8-NAPI
[    2.699417] e1000: Copyright (c) 1999-2006 Intel Corporation.
[    2.710518] Copyright (c) 1999-2008 LSI Corporation
[    2.753217] AVX2 version of gcm_enc/dec engaged.
[    2.756558] AES CTR mode by8 optimization enabled
[    2.767381] [drm] Initialized drm 1.1.0 20060810
[    2.773836] Fusion MPT SPI Host driver 3.04.20
[    2.811306] vboxvideo: loading out-of-tree module taints kernel.
[    2.815786] vboxvideo: module verification failed: signature and/or required key missing - tainting kernel
[    2.892539] input: ImExPS/2 Generic Explorer Mouse as /devices/platform/i8042/serio1/input/input4
[    3.460590] e1000 0000:00:03.0 eth0: (PCI:33MHz:32-bit) 02:89:fa:04:16:8f
[    3.464556] e1000 0000:00:03.0 eth0: Intel(R) PRO/1000 Network Connection
[    3.470019] mptbase: ioc0: Initiating bringup
[    4.840489] ioc0: LSI53C1030 A0: Capabilities={Initiator}
[    6.871806] scsi host2: ioc0: LSI53C1030 A0, FwRev=00000000h, Ports=1, MaxQ=256, IRQ=20
[    8.057111] scsi 2:0:0:0: Direct-Access     VBOX     HARDDISK         1.0  PQ: 0 ANSI: 5
[    8.063027] scsi target2:0:0: Beginning Domain Validation
[    8.069102] [drm] VRAM 01000000
[    8.072700] [TTM] Zone  kernel: Available graphics memory: 507866 kiB
[    8.076552] [TTM] Initializing pool allocator
[    8.079528] [TTM] Initializing DMA pool allocator
[    8.086577] scsi target2:0:0: Domain Validation skipping write tests
[    8.125919] scsi target2:0:0: Ending Domain Validation
[    8.129672] fbcon: vboxdrmfb (fb0) is primary device
[    8.130636] scsi target2:0:0: asynchronous
[    8.149090] scsi 2:0:1:0: Direct-Access     VBOX     HARDDISK         1.0  PQ: 0 ANSI: 5
[    8.149101] scsi target2:0:1: Beginning Domain Validation
[    8.152301] Console: switching to colour frame buffer device 100x37
[    8.153979] scsi target2:0:1: Domain Validation skipping write tests
[    8.153982] scsi target2:0:1: Ending Domain Validation
[    8.154230] scsi target2:0:1: asynchronous
[    8.175187] vboxvideo 0000:00:02.0: fb0: vboxdrmfb frame buffer device
[    8.186617] [drm] Initialized vboxvideo 1.0.0 20130823 for 0000:00:02.0 on minor 0
[    8.199221] sd 2:0:0:0: [sda] 20971520 512-byte logical blocks: (10.7 GB/10.0 GiB)
[    8.199737] sd 2:0:0:0: Attached scsi generic sg0 type 0
[    8.204572] sd 2:0:0:0: [sda] Write Protect is off
[    8.205347] sd 2:0:1:0: Attached scsi generic sg1 type 0
[    8.209621] sd 2:0:1:0: [sdb] 20480 512-byte logical blocks: (10.5 MB/10.0 MiB)
[    8.213269] sd 2:0:0:0: [sda] Incomplete mode parameter data
[    8.213548] sd 2:0:1:0: [sdb] Write Protect is off
[    8.213891] sd 2:0:1:0: [sdb] Incomplete mode parameter data
[    8.213895] sd 2:0:1:0: [sdb] Assuming drive cache: write through
[    8.225208] sd 2:0:0:0: [sda] Assuming drive cache: write through
[    8.231973] sd 2:0:1:0: [sdb] Attached SCSI disk
[    8.235181]  sda: sda1
[    8.239586] sd 2:0:0:0: [sda] Attached SCSI disk
[    8.903940] e1000 0000:00:08.0 eth1: (PCI:33MHz:32-bit) 08:00:27:90:a8:07
[    8.907887] e1000 0000:00:08.0 eth1: Intel(R) PRO/1000 Network Connection
[    8.913790] e1000 0000:00:03.0 enp0s3: renamed from eth0
[    8.934866] e1000 0000:00:08.0 enp0s8: renamed from eth1
Begin: Loading essential drivers ... [    9.181038] md: linear personality registered for level -1
[    9.190643] md: multipath personality registered for level -4
[    9.199471] md: raid0 personality registered for level 0
[    9.210658] md: raid1 personality registered for level 1
[    9.290687] raid6: sse2x1   gen()  3828 MB/s
[    9.358547] raid6: sse2x1   xor()  3174 MB/s
[    9.427128] raid6: sse2x2   gen()  4431 MB/s
[    9.495178] raid6: sse2x2   xor()  3345 MB/s
[    9.562607] raid6: sse2x4   gen()  5652 MB/s
[    9.630469] raid6: sse2x4   xor()  4188 MB/s
[    9.699142] raid6: avx2x1   gen()  8449 MB/s
[    9.766519] raid6: avx2x2   gen()  9927 MB/s
[    9.834489] raid6: avx2x4   gen()  9940 MB/s
[    9.836677] raid6: using algorithm avx2x4 gen() 9940 MB/s
[    9.839880] raid6: using avx2x2 recovery algorithm
[    9.845208] xor: automatically using best checksumming function:
[    9.886635]    avx       :  9798.000 MB/sec
[    9.892705] async_tx: api initialized (async)
[    9.921013] md: raid6 personality registered for level 6
[    9.924152] md: raid5 personality registered for level 5
[    9.927075] md: raid4 personality registered for level 4
[    9.959759] md: raid10 personality registered for level 10
done.
Begin: Running /scripts/init-premount ... done.
Begin: Mounting root file system ... Begin: Running /scripts/local-top ... done.
Begin: Running /scripts/local-premount ... [   10.045161] Btrfs loaded
Scanning for Btrfs filesystems
done.
Warning: fsck not present, so skipping root file system
[   10.117867] EXT4-fs (sda1): mounted filesystem with ordered data mode. Opts: (null)
done.
Begin: Running /scripts/local-bottom ... done.
Begin: Running /scripts/init-bottom ... done.
[   10.369188] systemd[1]: systemd 229 running in system mode. (+PAM +AUDIT +SELINUX +IMA +APPARMOR +SMACK +SYSVINIT +UTMP +LIBCRYPTSETUP +GCRYPT +GNUTLS +ACL +XZ -LZ4 +SECCOMP +BLKID +ELFUTILS +KMOD -IDN)
[   10.382358] systemd[1]: Detected virtualization oracle.
[   10.384868] systemd[1]: Detected architecture x86-64.

Welcome to [1mUbuntu 16.04.6 LTS[0m!

[   10.393574] systemd[1]: Set hostname to <ubuntu-xenial>.
[   10.711336] systemd[1]: Reached target System Time Synchronized.
[[0;32m  OK  [0m] Reached target System Time Synchronized.
[   10.718311] systemd[1]: Reached target User and Group Name Lookups.
[[0;32m  OK  [0m] Reached target User and Group Name Lookups.
[   10.730883] systemd[1]: Listening on Journal Socket.
[[0;32m  OK  [0m] Listening on Journal Socket.
[   10.736971] systemd[1]: Listening on LVM2 metadata daemon socket.
[[0;32m  OK  [0m] Listening on LVM2 metadata daemon socket.
[   10.744545] systemd[1]: Listening on Syslog Socket.
[[0;32m  OK  [0m] Listening on Syslog Socket.
[   10.751668] systemd[1]: Set up automount Arbitrary Executable File Formats File System Automount Point.
[[0;32m  OK  [0m] Set up automount Arbitrary Executab...ats File System Automount Point.
[   10.765860] systemd[1]: Reached target Swap.
[[0;32m  OK  [0m] Reached target Swap.
[   10.770552] systemd[1]: Listening on Device-mapper event daemon FIFOs.
[[0;32m  OK  [0m] Listening on Device-mapper event daemon FIFOs.
[   10.777506] systemd[1]: Listening on Journal Socket (/dev/log).
[[0;32m  OK  [0m] Listening on Journal Socket (/dev/log).
[   10.783384] systemd[1]: Listening on udev Control Socket.
[[0;32m  OK  [0m] Listening on udev Control Socket.
[   10.789790] systemd[1]: Listening on udev Kernel Socket.
[[0;32m  OK  [0m] Listening on udev Kernel Socket.
[   10.797315] systemd[1]: Created slice User and Session Slice.
[[0;32m  OK  [0m] Created slice User and Session Slice.
[   10.802229] systemd[1]: Listening on LVM2 poll daemon socket.
[[0;32m  OK  [0m] Listening on LVM2 poll daemon socket.
[   10.809359] systemd[1]: Created slice System Slice.
[[0;32m  OK  [0m] Created slice System Slice.
[   10.827098] systemd[1]: Starting Uncomplicated firewall...
         Starting Uncomplicated firewall...
[   10.835784] systemd[1]: Starting Create list of required static device nodes for the current kernel...
         Starting Create list of required st... nodes for the current kernel...
[   10.848820] systemd[1]: Starting Load Kernel Modules...
         Starting Load Kernel Modules...
[   10.857776] systemd[1]: Reached target Slices.
[[0;32m  OK  [0m] Reached target Slices.
[   10.864993] systemd[1]: Mounting Debug File System...
         Mounting Debug File System...
[   10.871831] Loading iSCSI transport class v2.0-870.
[   10.871978] systemd[1]: Created slice system-serial\x2dgetty.slice.
[[0;32m  OK  [0m] Created slice system-serial\x2dgetty.slice.[   10.883229] random: nonblocking pool is initialized

[   10.889141] systemd[1]: Starting Nameserver information manager...
         Starting Nameserver information manager...
[   10.901363] systemd[1]: Starting Remount Root and Kernel File Systems...
         Starting Remount Root and Kernel File Systems...
[   10.912885] systemd[1]: Mounting Huge Pages File System...
         Mounting Huge Pages File System...[   10.918581] EXT4-fs (sda1): re-mounted. Opts: (null)

[   10.924078] systemd[1]: Starting Monitoring of LVM2 mirrors, snapshots etc. using dmeventd or progress polling...
         Starting Monitoring of LVM2 mirrors... dmeventd or progress polling...
[   10.936655] iscsi: registered transport (tcp)
[   10.937852] systemd[1]: Started Forward Password Requests to Wall Directory Watch.
[[0;32m  OK  [0m] Started Forward Password Requests to Wall Directory Watch.
[   10.953786] systemd[1]: Listening on /dev/initctl Compatibility Named Pipe.
[[0;32m  OK  [0m] Listening on /dev/initctl Compatibility Named Pipe.
[   10.962897] systemd[1]: Reached target Encrypted Volumes.
[[0;32m  OK  [0m] Reached target Encrypted Volumes.
[   11.000130] systemd[1]: Starting Set console keymap...
         Starting Set console keymap...
[   11.007687] systemd[1]: Started Trigger resolvconf update for networkd DNS.
[[0;32m  OK  [0m] Started Trigger resolvconf update for networkd DNS.
[   11.017436] systemd[1]: Listening on Journal Audit Socket.
[[0;32m  OK  [0m] Listening on Journal Audit Socket.
[   11.026182] systemd[1]: Starting Journal Service...
         Starting Journal Service...
[   11.037970] systemd[1]: Mounting POSIX Message Queue File System...
         Mounting POSIX Message Queue File System...
[   11.050038] systemd[1]: Mounted Huge Pages File System.
[[0;32m  OK  [0[   11.054731] iscsi: registered transport (iser)
m] Mounted Huge Pages File System.
[   11.059876] systemd[1]: Mounted POSIX Message Queue File System.
[[0;32m  OK  [0m] Mounted POSIX Message Queue File System.
[   11.069159] systemd[1]: Mounted Debug File System.
[[0;32m  OK  [0m] Mounted Debug File System.
[   11.074962] systemd[1]: Started Uncomplicated firewall.
[[0;32m  OK  [0m] Started Uncomplicated firewall.
[   11.081899] systemd[1]: Started Create list of required static device nodes for the current kernel.
[[0;32m  OK  [0m] Started Create list of required sta...ce nodes for the current kernel.
[   11.093689] systemd[1]: Started Load Kernel Modules.
[[0;32m  OK  [0m] Started Load Kernel Modules.
[   11.128357] systemd[1]: Started Remount Root and Kernel File Systems.
[[0;32m  OK  [0m] Started Remount Root and Kernel File Systems.
[   11.141473] systemd[1]: Started Journal Service.
[[0;32m  OK  [0m] Started Journal Service.
[[0;32m  OK  [0m] Started Nameserver information manager.
[[0;32m  OK  [0m] Started LVM2 metadata daemon.
         Starting udev Coldplug all Devices...
         Starting Flush Journal to Persistent Storage...
         Starting Load/Save Random Seed...
         Starting Apply Kernel Variables...
         Mounting FUSE Control File System...
         Starting Create Static Device Nodes in /dev...
[[0;32m  OK  [0m] Mounted FUSE Control File System.
[[0;32m  OK  [0m] Started Load/Save Random Seed.
[[0;32m  OK  [0m] Started Apply Kernel Variables.
[[0;32m  OK  [0m] Started Flush Journal to Persistent Storage.
[[0;32m  OK  [0m] Started Create Static Device Nodes in /dev.
         Starting udev Kernel Device Manager...
[[0;32m  OK  [0m] Started Monitoring of LVM2 mirrors,...ng dmeventd or progress polling.
[[0;32m  OK  [0m] Started udev Kernel Device Manager.
[[0;32m  OK  [0m] Started Set console keymap.
[[0;32m  OK  [0m] Reached target Local File Systems (Pre).
[[0;32m  OK  [0m] Reached target Local File Systems.
         Starting Set console font and keymap...
         Starting Initial cloud-init job (pre-networking)...
         Starting Tell Plymouth To Write Out Runtime Data...
         Starting Create Volatile Files and Directories...
         Starting LSB: AppArmor initialization...
[[0;32m  OK  [0m] Started Tell Plymouth To Write Out Runtime Data.
[[0;32m  OK  [0m] Started udev Coldplug all Devices.
[[0;32m  OK  [0m] Started Dispatch Password Requests to Console Directory Watch.
[[0;32m  OK  [0m] Started Create Volatile Files and Directories.
         Starting Update UTMP about System Boot/Shutdown...
[[0;32m  OK  [0m] Started Update UTMP about System Boot/Shutdown.
[[0;32m  OK  [0m] Started LSB: AppArmor initialization.
[[0;32m  OK  [0m] Started Set console font and keymap.
[[0;32m  OK  [0m] Created slice system-getty.slice.
[[0;32m  OK  [0m] Found device /dev/ttyS0.
[[0;32m  OK  [0m] Found device 82540EM Gigabit Ethern...r (PRO/1000 MT Desktop Adapter).
[[0;32m  OK  [0m] Listening on Load/Save RF Kill Switch Status /dev/rfkill Watch.
[[0;32m  OK  [0m] Found device 82540EM Gigabit Ethern...r (PRO/1000 MT Desktop Adapter).
[   13.632772] cloud-init[481]: Cloud-init v. 19.4-33-gbb4131a2-0ubuntu1~16.04.1 running 'init-local' at Tue, 30 Jun 2020 14:42:07 +0000. Up 12.91 seconds.
[[0;32m  OK  [0m] Started Initial cloud-init job (pre-networking).
[[0;32m  OK  [0m] Reached target Network (Pre).
[[0;32m  OK  [0m] Started ifup for enp0s3.
[[0;32m  OK  [0m] Started ifup for enp0s8.
         Starting Raise network interfaces...
[[0;32m  OK  [0m] Started Raise network interfaces.
[[0;32m  OK  [0m] Reached target Network.
         Starting Initial cloud-init job (metadata service crawler)...
[   15.823465] cloud-init[1072]: Cloud-init v. 19.4-33-gbb4131a2-0ubuntu1~16.04.1 running 'init' at Tue, 30 Jun 2020 14:42:09 +0000. Up 15.02 seconds.
[   15.828790] cloud-init[1072]: ci-info: ++++++++++++++++++++++++++++++++++++++Net device info+++++++++++++++++++++++++++++++++++++++
[   15.839401] cloud-init[1072]: ci-info: +--------+------+-----------------------------+---------------+--------+-------------------+
[   15.846607] cloud-init[1072]: ci-info: | Device |  Up  |           Address           |      Mask     | Scope  |     Hw-Address    |
[   15.852469] cloud-init[1072]: ci-info: +--------+------+-----------------------------+---------------+--------+-------------------+
[   15.858516] cloud-init[1072]: ci-info: | enp0s3 | True |          10.0.2.15          | 255.255.255.0 | global | 02:89:fa:04:16:8f |
[   15.865852] cloud-init[1072]: ci-info: | enp0s3 | True |  fe80::89:faff:fe04:168f/64 |       .       |  link  | 02:89:fa:04:16:8f |
[   15.872038] cloud-init[1072]: ci-info: | enp0s8 | True |        192.168.10.100       | 255.255.255.0 | global | 08:00:27:90:a8:07 |
[   15.885080] cloud-init[1072]: ci-info: | enp0s8 | True | fe80::a00:27ff:fe90:a807/64 |       .       |  link  | 08:00:27:90:a8:07 |
[   15.893723] cloud-init[1072]: ci-info: |   lo   | True |          127.0.0.1          |   255.0.0.0   |  host  |         .         |
[   15.900654] cloud-init[1072]: ci-info: |   lo   | True |           ::1/128           |       .       |  host  |         .         |
[   15.906780] cloud-init[1072]: ci-info: +--------+------+-----------------------------+---------------+--------+-------------------+
[   15.914471] cloud-init[1072]: ci-info: ++++++++++++++++++++++++++++Route IPv4 info++++++++++++++++++++++++++++
[   15.920283] cloud-init[1072]: ci-info: +-------+--------------+----------+---------------+-----------+-------+
[   15.927545] cloud-init[1072]: ci-info: | Route | Destination  | Gateway  |    Genmask    | Interface | Flags |
[   15.934536] cloud-init[1072]: ci-info: +-------+--------------+----------+---------------+-----------+-------+
[   15.940519] cloud-init[1072]: ci-info: |   0   |   0.0.0.0    | 10.0.2.2 |    0.0.0.0    |   enp0s3  |   UG  |
[   15.948001] cloud-init[1072]: ci-info: |   1   |   10.0.2.0   | 0.0.0.0  | 255.255.255.0 |   enp0s3  |   U   |
[   15.953605] cloud-init[1072]: ci-info: |   2   | 192.168.10.0 | 0.0.0.0  | 255.255.255.0 |   enp0s8  |   U   |
[   15.961160] cloud-init[1072]: ci-info: +-------+--------------+----------+---------------+-----------+-------+
[   15.967513] [[0;32m  OK  [0m] Started Initial cloud-init job (metadata service crawler).
[[0;32m  OK  [0m] Reached target Cloud-config availability.
[[0;32m  OK  [0m] Reached target Network is Online.
cloud-init[1072]: ci-info: +++++++++++++++++++Route IPv6 info+++++++++++++++++++
[   15.979495] cloud-init[1072]: ci-info: +-------+-------------+---------+-----------+-------+
[   15.990359] cloud-init[1072]: ci-info: | Route | Destination | Gateway | Interface | Flags |
[   15.994289] cloud-init[1072]: ci-info: +-------+-------------+---------+-----------+-------+
         Starting iSCSI initiator daemon (iscsid)...
[   16.001821] [[0;32m  OK  [0m] Reached target System Initialization.
cloud-init[1072]: ci-info: |   0   |  fe80::/64  |    ::   |   enp0s8  |   U   |
[   16.017044] [[0;32m  OK  [0m] Started Message of the Day.
         Starting Socket activation for snappy daemon.
[[0;32m  OK  [0m] Listening on D-Bus System Message Bus Socket.
[[0;32m  OK  [0m] Started Daily Cleanup of Temporary Directories.
[[0;32m  OK  [0m] Listening on UUID daemon activation socket.
cloud-init[1072]: ci-info: |   1   |  fe80::/64  |    ::   |   enp0s3  |   U   |[[0;32m  OK  [0m] Started ACPI Events Check.
[[0;32m  OK  [0m] Reached target Paths.

[   16.039091] cloud-init[1072]: ci-info: |   5   |   ff00::/8  |    ::   |   enp0s8  |   U   |
[[0;32m  OK  [0m] Listening on ACPID Listen Socket.
[   16.046411] cloud-init         Starting LXD - unix socket.
[[0;32m  OK  [0m] Started Daily apt download activities.
[[0;32m  OK  [0m] Started Daily apt upgrade and clean activities.
[[0;32m  OK  [0m] Reached target Timers.
[1072]: ci-info: |   6   |   ff00::/8  |    ::   |   enp0s3  |   U   |
[   16.058551] cloud-init[1072]: ci-info: +-------+-------------+---------+-----------+-------+
[[0;32m  OK  [0m] Listening on Socket activation for snappy daemon.
[[0;32m  OK  [0m] Listening on LXD - unix socket.
[[0;32m  OK  [0m] Reached target Sockets.
[[0;32m  OK  [0m] Reached target Basic System.
         Starting vboxadd.service...
[[0;32m  OK  [0m] Started ACPI event daemon.
         Starting System Logging Service...
         Starting LSB: Record successful boot for GRUB...
         Starting LSB: MD monitoring daemon...
[[0;32m  OK  [0m] Started Regular background program processing daemon.
[[0;32m  OK  [0m] Started Deferred execution scheduler.
         Starting Accounts Service...
         Starting LXD - container startup/shutdown...
         Starting A high performance web server and a reverse proxy server...
[[0;32m  OK  [0m] Started D-Bus System Message Bus.
         Starting OpenBSD Secure Shell server...
         Starting Login Service...
         Starting /etc/rc.local Compatibility...
[[0;32m  OK  [0m] Started FUSE filesystem for LXC.
         Starting Snappy daemon...
[[0;32m  OK  [0m] Started System Logging Service.
[[0;32m  OK  [0m] Started iSCSI initiator daemon (iscsid).
[[0;32m  OK  [0m] Started /etc/rc.local Compatibility.
         Starting Authenticate and Authorize Users to Run Privileged Tasks...
         Starting Login to default iSCSI targets...
[[0;32m  OK  [0m] Started LSB: Record successful boot for GRUB.
[[0;32m  OK  [0m] Started LSB: MD monitoring daemon.
[[0;32m  OK  [0m] Started Login Service.
[[0;32m  OK  [0m] Started Unattended Upgrades Shutdown.
[[0;32m  OK  [0m] Started Login to default iSCSI targets.
[[0;32m  OK  [0m] Started LXD - container startup/shutdown.
[[0;32m  OK  [0m] Started Authenticate and Authorize Users to Run Privileged Tasks.
[[0;32m  OK  [0m] Reached target Remote File Systems (Pre).
[[0;32m  OK  [0m] Reached target Remote File Systems.
         Starting LSB: automatic crash report generation...
         Starting LSB: Set the CPU Frequency Scaling governor to "ondemand"...
         Starting LSB: daemon to balance interrupts for SMP systems...
         Starting Permit User Sessions...
[[0;32m  OK  [0m] Started Accounts Service.
[[0;32m  OK  [0m] Started Permit User Sessions.
         Starting Terminate Plymouth Boot Screen...
         Starting Hold until boot process finishes up...
[[0;32m  OK  [0m] Started Terminate Plymouth Boot Screen.
[[0;32m  OK  [0m] Started Hold until boot process finishes up.
[[0;32m  OK  [0m] Started Getty on tty1.
[[0;32m  OK  [0m] Started Serial Getty on ttyS0.
[[0;32m  OK  [0m] Reached target Login Prompts.
         Starting Set console scheme...
[[0;32m  OK  [0m] Started A high performance web server and a reverse proxy server.
[[0;32m  OK  [0m] Started Set console scheme.
[[0;32m  OK  [0m] Started OpenBSD Secure Shell server.
[[0;32m  OK  [0m] Started LSB: Set the CPU Frequency Scaling governor to "ondemand".
[[0;32m  OK  [0m] Started LSB: automatic crash report generation.
[[0;32m  OK  [0m] Started LSB: daemon to balance interrupts for SMP systems.
[[0;32m  OK  [0m] Started Snappy daemon.
         Starting Wait until snapd is fully seeded...
[[0;32m  OK  [0m] Started Wait until snapd is fully seeded.
         Starting Apply the settings specified in cloud-config...
[[0;32m  OK  [0m] Started vboxadd.service.
         Starting vboxadd-service.service...
[[0;32m  OK  [0m] Started vboxadd-service.service.
[[0;32m  OK  [0m] Reached target Multi-User System.
[[0;32m  OK  [0m] Reached target Graphical Interface.
         Starting Update UTMP about System Runlevel Changes...
[[0;32m  OK  [0m] Started Update UTMP about System Runlevel Changes.
[   19.045802] cloud-init[1350]: Cloud-init v. 19.4-33-gbb4131a2-0ubuntu1~16.04.1 running 'modules:config' at Tue, 30 Jun 2020 14:42:13 +0000. Up 18.65 seconds.
[[0;32m  OK  [0m] Started Apply the settings specified in cloud-config.
         Starting Execute cloud user/final scripts...
[[0;32m  OK  [0m] Created slice User Slice of vagrant.
         Starting User Manager for UID 1000...
[[0;32m  OK  [0m] Started Session 1 of user vagrant.
[[0;32m  OK  [0m] Started User Manager for UID 1000.
[   20.726099] cloud-init[1439]: Cloud-init v. 19.4-33-gbb4131a2-0ubuntu1~16.04.1 running 'modules:final' at Tue, 30 Jun 2020 14:42:15 +0000. Up 20.40 seconds.
[   20.730809] cloud-init[1439]: Cloud-init v. 19.4-33-gbb4131a2-0ubuntu1~16.04.1 finished at Tue, 30 Jun 2020 14:42:15 +0000. Datasource DataSourceNoCloud [seed=/dev/sdb][dsmode=net].  Up 20.70 seconds
[[0;32m  OK  [0m] Started Execute cloud user/final scripts.
[[0;32m  OK  [0m] Reached target Cloud-init target.

Ubuntu 16.04.6 LTS ubuntu-xenial ttyS0

ubuntu-xenial login: 